<?xml version="1.0" encoding="UTF-8"?>
<!-- Generated by org.testng.reporters.JUnitReportReporter -->
<testsuite skipped="0" hostname="Ankush" name="Test.PS" tests="1" failures="0" timestamp="06 Mar 2024 16:34:32 GMT" time="0.157" errors="0">
  <testcase name="m1" time="0.157" classname="Test.PS"/>
</testsuite> <!-- Test.PS -->
