<?xml version="1.0" encoding="UTF-8"?>
<!-- Generated by org.testng.reporters.JUnitReportReporter -->
<testsuite skipped="0" hostname="Ankush" name="Test.day2" tests="2" failures="0" timestamp="03 Mar 2024 05:27:06 GMT" time="0.045" errors="0">
  <testcase name="fourthplan" time="0.040" classname="Test.day2"/>
  <testcase name="fourthsplan" time="0.005" classname="Test.day2"/>
</testsuite> <!-- Test.day2 -->
