<?xml version="1.0" encoding="UTF-8"?>
<!-- Generated by org.testng.reporters.JUnitReportReporter -->
<testsuite skipped="0" hostname="Ankush" name="Test.day1" tests="1" failures="0" timestamp="03 Mar 2024 05:17:42 GMT" time="0.030" errors="0">
  <testcase name="priyankasReddying" time="0.030" classname="Test.day1"/>
</testsuite> <!-- Test.day1 -->
