<?xml version="1.0" encoding="UTF-8"?>
<!-- Generated by org.testng.reporters.JUnitReportReporter -->
<testsuite skipped="0" hostname="Ankush" name="Test.day3" tests="4" failures="0" timestamp="03 Mar 2024 04:20:31 GMT" time="0.038" errors="0">
  <testcase name="Mobile" time="0.019" classname="Test.day3"/>
  <testcase name="WebloginMobileLogin" time="0.007" classname="Test.day3"/>
  <testcase name="WebloginCarLoan" time="0.006" classname="Test.day3"/>
  <testcase name="WebloginMobile" time="0.006" classname="Test.day3"/>
</testsuite> <!-- Test.day3 -->
