<?xml version="1.0" encoding="UTF-8"?>
<!-- Generated by org.testng.reporters.JUnitReportReporter -->
<testsuite skipped="0" hostname="Ankush" name="Test.PS1" tests="2" failures="0" timestamp="08 Mar 2024 12:38:57 GMT" time="0.081" errors="0">
  <testcase name="m1" time="0.065" classname="Test.PS1"/>
  <testcase name="m2" time="0.016" classname="Test.PS1"/>
</testsuite> <!-- Test.PS1 -->
