<?xml version="1.0" encoding="UTF-8"?>
<!-- Generated by org.testng.reporters.JUnitReportReporter -->
<testsuite skipped="0" hostname="Ankush" name="TestngProject.TestngProject.day1" tests="1" failures="0" timestamp="22 Feb 2024 11:51:17 GMT" time="0.130" errors="0">
  <testcase name="demo" time="0.130" classname="TestngProject.TestngProject.day1"/>
</testsuite> <!-- TestngProject.TestngProject.day1 -->
