<?xml version="1.0" encoding="UTF-8"?>
<!-- Generated by org.testng.reporters.JUnitReportReporter -->
<testsuite skipped="0" hostname="Ankush" name="Test.day6" tests="2" failures="0" timestamp="06 Mar 2024 12:04:28 GMT" time="0.033" errors="0">
  <testcase name="m1" time="0.026" classname="Test.day6"/>
  <testcase name="m2" time="0.007" classname="Test.day6"/>
</testsuite> <!-- Test.day6 -->
